<?xml version="1.0" encoding="UTF-8"?>
<!-- Generated by org.testng.reporters.JUnitReportReporter -->
<testsuite skipped="1" hostname="DESKTOP-LCT1QCQ" name="org.assertsoftn.SoftAssertTestNg" tests="2" failures="0" timestamp="23 Feb 2022 09:53:42 GMT" time="7.677" errors="0">
  <testcase name="test1" time="7.677" classname="org.assertsoftn.SoftAssertTestNg"/>
  <testcase name="test3" classname="org.assertsoftn.SoftAssertTestNg">
    <skipped/>
  </testcase> <!-- test3 -->
</testsuite> <!-- org.assertsoftn.SoftAssertTestNg -->
