<?xml version="1.0" encoding="UTF-8"?>
<!-- Generated by org.testng.reporters.JUnitReportReporter -->
<testsuite skipped="1" hostname="DESKTOP-LCT1QCQ" name="org.assertsoftn.C" tests="3" failures="0" timestamp="03 Mar 2022 13:12:48 GMT" time="0.004" errors="0">
  <testcase name="testC3" time="0.003" classname="org.assertsoftn.C"/>
  <testcase name="testC2" time="0.001" classname="org.assertsoftn.C"/>
  <testcase name="testC1" classname="org.assertsoftn.C">
    <skipped/>
  </testcase> <!-- testC1 -->
</testsuite> <!-- org.assertsoftn.C -->
