<?xml version="1.0" encoding="UTF-8"?>
<!-- Generated by org.testng.reporters.JUnitReportReporter -->
<testsuite skipped="0" hostname="DESKTOP-LCT1QCQ" name="org.assertsoftn.B" tests="2" failures="0" timestamp="03 Mar 2022 13:12:48 GMT" time="0.003" errors="0">
  <testcase name="testB2" time="0.002" classname="org.assertsoftn.B"/>
  <testcase name="testB3" time="0.001" classname="org.assertsoftn.B"/>
</testsuite> <!-- org.assertsoftn.B -->
